<?xml version="1.0" encoding="UTF-8"?>
<testng-results ignored="0" total="1" passed="1" failed="0" skipped="0">
  <reporter-output>
  </reporter-output>
  <suite started-at="2026-01-20T21:22:41 IST" name="Surefire suite" finished-at="2026-01-20T21:23:25 IST" duration-ms="43417">
    <groups>
    </groups>
    <test started-at="2026-01-20T21:22:41 IST" name="Surefire test" finished-at="2026-01-20T21:23:25 IST" duration-ms="43417">
      <class name="tests.TravelInsuranceTest">
        <test-method is-config="true" signature="setup()[pri:0, instance:tests.TravelInsuranceTest@2a32de6c]" started-at="2026-01-20T21:22:41 IST" name="setup" finished-at="2026-01-20T21:23:04 IST" duration-ms="22597" status="PASS">
          <reporter-output>
          </reporter-output>
        </test-method> <!-- setup -->
        <test-method signature="testInsurancePurchaseFlow()[pri:0, instance:tests.TravelInsuranceTest@2a32de6c]" started-at="2026-01-20T21:23:04 IST" name="testInsurancePurchaseFlow" finished-at="2026-01-20T21:23:23 IST" duration-ms="19384" status="PASS">
          <reporter-output>
          </reporter-output>
        </test-method> <!-- testInsurancePurchaseFlow -->
        <test-method is-config="true" signature="tearDown()[pri:0, instance:tests.TravelInsuranceTest@2a32de6c]" started-at="2026-01-20T21:23:23 IST" name="tearDown" finished-at="2026-01-20T21:23:25 IST" duration-ms="1343" status="PASS">
          <reporter-output>
          </reporter-output>
        </test-method> <!-- tearDown -->
      </class> <!-- tests.TravelInsuranceTest -->
    </test> <!-- Surefire test -->
  </suite> <!-- Surefire suite -->
</testng-results>
